2026-01-29 19:10:11,327 - SmartCredit - INFO - Logger initialized successfully.
2026-01-29 19:10:11,327 - SmartCredit - INFO - Starting SmartCredit App...
2026-01-29 19:10:18,733 - SmartCredit - INFO - App closed normally.
2026-01-29 19:10:23,758 - SmartCredit - INFO - Logger initialized successfully.
2026-01-29 19:10:23,758 - SmartCredit - INFO - Starting SmartCredit App...
2026-01-29 19:10:46,602 - SmartCredit - INFO - App closed normally.
2026-01-29 19:10:49,591 - SmartCredit - INFO - Logger initialized successfully.
2026-01-29 19:10:49,591 - SmartCredit - INFO - Starting SmartCredit App...
2026-01-29 19:10:53,914 - SmartCredit - INFO - App closed normally.
2026-01-29 19:27:50,802 - SmartCredit - INFO - Logger initialized successfully.
2026-01-29 19:27:50,803 - SmartCredit - INFO - Starting SmartCredit App...
2026-01-29 19:28:31,079 - SmartCredit - INFO - App closed normally.
2026-01-29 19:30:42,037 - SmartCredit - INFO - Logger initialized successfully.
2026-01-29 19:30:42,039 - SmartCredit - INFO - Starting SmartCredit App...
2026-01-29 19:31:05,654 - SmartCredit - INFO - Cliente registrado: jejeje (Cédula: 23232)
2026-01-29 19:31:15,843 - SmartCredit - INFO - App closed normally.
2026-01-29 19:31:40,854 - SmartCredit - INFO - Logger initialized successfully.
2026-01-29 19:31:40,855 - SmartCredit - INFO - Starting SmartCredit App...
2026-01-29 19:31:55,366 - SmartCredit - INFO - Cliente registrado: ererwrw (Cédula: 323232)
2026-01-29 19:32:06,515 - SmartCredit - INFO - App closed normally.
2026-01-29 19:35:08,450 - SmartCredit - INFO - Logger initialized successfully.
2026-01-29 19:35:08,451 - SmartCredit - INFO - Starting SmartCredit App...
2026-01-29 19:35:26,318 - SmartCredit - INFO - Cliente registrado: erer (Cédula: 2121212)
2026-01-29 19:36:03,607 - SmartCredit - INFO - App closed normally.
2026-01-29 19:38:00,131 - SmartCredit - INFO - Logger initialized successfully.
2026-01-29 19:38:00,132 - SmartCredit - INFO - Starting SmartCredit App...
2026-01-29 19:38:25,233 - SmartCredit - INFO - App closed normally.
2026-01-29 19:47:10,234 - SmartCredit - INFO - Logger initialized successfully.
2026-01-29 19:47:10,234 - SmartCredit - INFO - Starting SmartCredit App...
2026-01-29 19:47:55,854 - SmartCredit - INFO - Cliente registrado: fhfghf (Cédula: 112234)
2026-01-29 19:48:04,871 - SmartCredit - INFO - App closed normally.
2026-01-29 19:48:59,537 - SmartCredit - INFO - Logger initialized successfully.
2026-01-29 19:48:59,538 - SmartCredit - INFO - Starting SmartCredit App...
2026-01-29 19:49:09,336 - SmartCredit - INFO - App closed normally.
2026-01-30 13:23:41,370 - SmartCredit - INFO - Logger initialized successfully.
2026-01-30 13:23:41,371 - SmartCredit - INFO - Starting SmartCredit App...
2026-01-30 13:24:14,802 - SmartCredit - INFO - Teléfono registrado: xiaomi 13 (Stock: 2, Costo: $100.0)
2026-01-30 13:24:32,238 - SmartCredit - INFO - App closed normally.
2026-01-30 13:24:34,417 - SmartCredit - INFO - Logger initialized successfully.
2026-01-30 13:24:34,418 - SmartCredit - INFO - Starting SmartCredit App...
2026-01-30 13:28:28,711 - SmartCredit - INFO - App closed normally.
2026-01-30 13:41:01,405 - SmartCredit - INFO - Logger initialized successfully.
2026-01-30 13:41:01,406 - SmartCredit - INFO - Starting SmartCredit App...
2026-01-30 13:41:22,257 - SmartCredit - INFO - Teléfono registrado: ggg (Stock: 111, Costo: $300.0)
2026-01-30 13:41:32,846 - SmartCredit - INFO - App closed normally.
2026-01-30 13:43:24,284 - SmartCredit - INFO - Logger initialized successfully.
2026-01-30 13:43:24,285 - SmartCredit - INFO - Starting SmartCredit App...
2026-01-30 13:43:46,690 - SmartCredit - INFO - Teléfono registrado: ttt (Stock: 400, Costo: $300.0)
2026-01-30 13:45:32,748 - SmartCredit - INFO - App closed normally.
2026-01-30 13:45:41,917 - SmartCredit - INFO - Logger initialized successfully.
2026-01-30 13:45:41,918 - SmartCredit - INFO - Starting SmartCredit App...
2026-01-30 13:46:08,316 - SmartCredit - INFO - Cliente registrado: eduar (Cédula: 2776361)
2026-01-30 13:46:23,007 - SmartCredit - INFO - App closed normally.
2026-01-30 13:47:53,342 - SmartCredit - INFO - Logger initialized successfully.
2026-01-30 13:47:53,343 - SmartCredit - INFO - Starting SmartCredit App...
2026-01-30 13:48:11,959 - SmartCredit - INFO - Cliente registrado: yanet (Cédula: 244222)
2026-01-30 13:52:32,270 - SmartCredit - INFO - Logger initialized successfully.
2026-01-30 13:52:32,271 - SmartCredit - INFO - Inicando SmartCredit App...
2026-01-30 13:52:37,711 - SmartCredit - INFO - AppCerrando.
2026-01-30 13:52:39,754 - SmartCredit - INFO - Logger initialized successfully.
2026-01-30 13:52:39,756 - SmartCredit - INFO - Inicando SmartCredit App...
2026-01-30 13:52:44,482 - SmartCredit - INFO - AppCerrando.
2026-01-30 13:53:53,183 - SmartCredit - INFO - Logger initialized successfully.
2026-01-30 13:53:53,184 - SmartCredit - INFO - Inicando SmartCredit App...
2026-01-30 13:54:04,505 - SmartCredit - INFO - AppCerrando.
2026-01-30 13:55:37,519 - SmartCredit - INFO - Logger initialized successfully.
2026-01-30 13:55:37,519 - SmartCredit - INFO - Inicando SmartCredit App...
2026-01-30 13:55:50,029 - SmartCredit - INFO - AppCerrando.
2026-01-30 13:56:21,253 - SmartCredit - INFO - Logger initialized successfully.
2026-01-30 13:56:21,254 - SmartCredit - INFO - Inicando SmartCredit App...
2026-01-30 13:56:41,891 - SmartCredit - INFO - AppCerrando.
2026-01-30 14:01:50,887 - SmartCredit - INFO - Logger initialized successfully.
2026-01-30 14:01:50,887 - SmartCredit - INFO - Inicando SmartCredit App...
2026-01-30 14:02:42,749 - SmartCredit - INFO - AppCerrando.
2026-01-30 14:03:19,583 - SmartCredit - INFO - Logger initialized successfully.
2026-01-30 14:03:19,584 - SmartCredit - INFO - Inicando SmartCredit App...
2026-01-30 14:03:29,319 - SmartCredit - INFO - AppCerrando.
2026-01-30 14:27:08,777 - SmartCredit - INFO - Logger initialized successfully.
2026-01-30 14:27:08,778 - SmartCredit - INFO - Inicando SmartCredit App...
2026-01-30 14:27:11,700 - SmartCredit - ERROR - Critical Error: name 'AppColors' is not defined
Traceback (most recent call last):
  File "c:\Users\Usuario\Documents\Dev\SmartCredit App\main.py", line 10, in <module>
    app = MainWindow()
  File "c:\Users\Usuario\Documents\Dev\SmartCredit App\app\ui\main_window.py", line 34, in __init__
    self._init_ui()
    ~~~~~~~~~~~~~^^
  File "c:\Users\Usuario\Documents\Dev\SmartCredit App\app\ui\main_window.py", line 87, in _init_ui
    self.sales_view = SalesView(self.tab_sales)
                      ~~~~~~~~~^^^^^^^^^^^^^^^^
  File "c:\Users\Usuario\Documents\Dev\SmartCredit App\app\ui\views\sales_view.py", line 9, in __init__
    self._init_ui()
    ~~~~~~~~~~~~~^^
  File "c:\Users\Usuario\Documents\Dev\SmartCredit App\app\ui\views\sales_view.py", line 18, in _init_ui
    ctk.CTkButton(header_frame, text="Actualizar", command=self.refresh_list, width=100, fg_color=AppColors.ACCENT).pack(side="right", padx=10)
                                                                                                  ^^^^^^^^^
NameError: name 'AppColors' is not defined
2026-01-30 14:28:08,890 - SmartCredit - INFO - Logger initialized successfully.
2026-01-30 14:28:08,890 - SmartCredit - INFO - Inicando SmartCredit App...
2026-01-30 14:28:41,477 - SmartCredit - INFO - AppCerrando.
2026-01-30 14:29:59,396 - SmartCredit - INFO - Logger initialized successfully.
2026-01-30 14:29:59,396 - SmartCredit - INFO - Inicando SmartCredit App...
2026-01-30 14:30:38,475 - SmartCredit - INFO - AppCerrando.
2026-01-30 22:44:54,721 - SmartCredit - INFO - Logger initialized successfully.
2026-01-30 22:44:54,723 - SmartCredit - INFO - Inicando SmartCredit App...
2026-01-30 22:45:25,738 - SmartCredit - INFO - AppCerrando.
2026-01-30 22:47:47,329 - SmartCredit - INFO - Logger initialized successfully.
2026-01-30 22:47:47,330 - SmartCredit - INFO - Inicando SmartCredit App...
2026-01-30 22:48:47,570 - SmartCredit - INFO - AppCerrando.
2026-01-30 22:48:49,308 - SmartCredit - INFO - Logger initialized successfully.
2026-01-30 22:48:49,308 - SmartCredit - INFO - Inicando SmartCredit App...
2026-01-30 22:49:04,718 - SmartCredit - INFO - AppCerrando.
2026-01-30 22:59:38,290 - SmartCredit - INFO - Logger initialized successfully.
2026-01-30 22:59:38,290 - SmartCredit - INFO - Inicando SmartCredit App...
2026-01-30 23:00:07,386 - SmartCredit - INFO - AppCerrando.
2026-01-30 23:02:45,769 - SmartCredit - INFO - Logger initialized successfully.
2026-01-30 23:02:45,770 - SmartCredit - INFO - Inicando SmartCredit App...
2026-01-30 23:03:13,365 - SmartCredit - INFO - AppCerrando.
2026-01-30 23:03:33,914 - SmartCredit - INFO - Logger initialized successfully.
2026-01-30 23:03:33,915 - SmartCredit - INFO - Inicando SmartCredit App...
2026-01-30 23:03:36,216 - SmartCredit - ERROR - Critical Error: name 'AppColors' is not defined
Traceback (most recent call last):
  File "c:\Users\Usuario\Documents\Dev\SmartCredit App\main.py", line 10, in <module>
    app = MainWindow()
  File "c:\Users\Usuario\Documents\Dev\SmartCredit App\app\ui\main_window.py", line 34, in __init__
    self._init_ui()
    ~~~~~~~~~~~~~^^
  File "c:\Users\Usuario\Documents\Dev\SmartCredit App\app\ui\main_window.py", line 87, in _init_ui
    self.sales_view = SalesView(self.tab_sales)
                      ~~~~~~~~~^^^^^^^^^^^^^^^^
  File "c:\Users\Usuario\Documents\Dev\SmartCredit App\app\ui\views\sales_view.py", line 9, in __init__
    self._init_ui()
    ~~~~~~~~~~~~~^^
  File "c:\Users\Usuario\Documents\Dev\SmartCredit App\app\ui\views\sales_view.py", line 18, in _init_ui
    ctk.CTkButton(header_frame, text="Actualizar", command=self.refresh_list, width=100, fg_color=AppColors.ACCENT).pack(side="right", padx=10)
                                                                                                  ^^^^^^^^^
NameError: name 'AppColors' is not defined
2026-01-30 23:03:52,824 - SmartCredit - INFO - Logger initialized successfully.
2026-01-30 23:03:52,825 - SmartCredit - INFO - Inicando SmartCredit App...
2026-01-30 23:03:55,157 - SmartCredit - ERROR - Critical Error: name 'AppColors' is not defined
Traceback (most recent call last):
  File "c:\Users\Usuario\Documents\Dev\SmartCredit App\main.py", line 10, in <module>
    app = MainWindow()
  File "c:\Users\Usuario\Documents\Dev\SmartCredit App\app\ui\main_window.py", line 34, in __init__
    self._init_ui()
    ~~~~~~~~~~~~~^^
  File "c:\Users\Usuario\Documents\Dev\SmartCredit App\app\ui\main_window.py", line 87, in _init_ui
    self.sales_view = SalesView(self.tab_sales)
                      ~~~~~~~~~^^^^^^^^^^^^^^^^
  File "c:\Users\Usuario\Documents\Dev\SmartCredit App\app\ui\views\sales_view.py", line 9, in __init__
    self._init_ui()
    ~~~~~~~~~~~~~^^
  File "c:\Users\Usuario\Documents\Dev\SmartCredit App\app\ui\views\sales_view.py", line 18, in _init_ui
    ctk.CTkButton(header_frame, text="Actualizar", command=self.refresh_list, width=100, fg_color=AppColors.ACCENT).pack(side="right", padx=10)
                                                                                                  ^^^^^^^^^
NameError: name 'AppColors' is not defined
2026-01-30 23:07:32,147 - SmartCredit - INFO - Logger initialized successfully.
2026-01-30 23:07:32,148 - SmartCredit - INFO - Inicando SmartCredit App...
2026-01-30 23:07:34,709 - SmartCredit - ERROR - Critical Error: name 'AppColors' is not defined
Traceback (most recent call last):
  File "c:\Users\Usuario\Documents\Dev\SmartCredit App\main.py", line 10, in <module>
    app = MainWindow()
  File "c:\Users\Usuario\Documents\Dev\SmartCredit App\app\ui\main_window.py", line 34, in __init__
    self._init_ui()
    ~~~~~~~~~~~~~^^
  File "c:\Users\Usuario\Documents\Dev\SmartCredit App\app\ui\main_window.py", line 76, in _init_ui
    self.sales_view = SalesView(self.tab_sales)
                      ~~~~~~~~~^^^^^^^^^^^^^^^^
  File "c:\Users\Usuario\Documents\Dev\SmartCredit App\app\ui\views\sales_view.py", line 9, in __init__
    self._init_ui()
    ~~~~~~~~~~~~~^^
  File "c:\Users\Usuario\Documents\Dev\SmartCredit App\app\ui\views\sales_view.py", line 18, in _init_ui
    ctk.CTkButton(header_frame, text="Actualizar", command=self.refresh_list, width=100, fg_color=AppColors.ACCENT).pack(side="right", padx=10)
                                                                                                  ^^^^^^^^^
NameError: name 'AppColors' is not defined
2026-01-30 23:08:20,570 - SmartCredit - INFO - Logger initialized successfully.
2026-01-30 23:08:20,570 - SmartCredit - INFO - Inicando SmartCredit App...
2026-01-30 23:08:41,411 - SmartCredit - INFO - App closed normally.
2026-01-31 10:17:01,209 - SmartCredit - INFO - Logger initialized successfully.
2026-01-31 10:17:01,210 - SmartCredit - INFO - Inicando SmartCredit App...
2026-01-31 10:17:49,933 - SmartCredit - INFO - App closed normally.
2026-02-01 08:54:10,709 - SmartCredit - INFO - Logger initialized successfully.
2026-02-01 08:54:10,730 - SmartCredit - INFO - Inicando SmartCredit App...
2026-02-01 08:54:35,027 - SmartCredit - INFO - App closed normally.
2026-02-01 09:10:32,609 - SmartCredit - INFO - Logger initialized successfully.
2026-02-01 09:10:32,610 - SmartCredit - INFO - Inicando SmartCredit App...
2026-02-01 09:15:35,975 - SmartCredit - INFO - Logger initialized successfully.
2026-02-01 09:15:35,975 - SmartCredit - INFO - Inicando SmartCredit App...
2026-02-01 09:15:42,510 - SmartCredit - INFO - App closed normally.
2026-02-01 09:24:06,312 - SmartCredit - INFO - Logger initialized successfully.
2026-02-01 09:24:06,313 - SmartCredit - INFO - Inicando SmartCredit App...
2026-02-01 09:24:28,499 - SmartCredit - INFO - App closed normally.
2026-02-01 09:24:35,508 - SmartCredit - INFO - Logger initialized successfully.
2026-02-01 09:24:35,510 - SmartCredit - INFO - Inicando SmartCredit App...
2026-02-01 09:24:38,866 - SmartCredit - INFO - App closed normally.
2026-02-01 09:27:37,666 - SmartCredit - INFO - Logger initialized successfully.
2026-02-01 09:27:37,666 - SmartCredit - INFO - Inicando SmartCredit App...
2026-02-01 09:27:59,903 - SmartCredit - INFO - Cliente registrado: yante (Cédula: 22343)
2026-02-01 09:28:21,411 - SmartCredit - INFO - Teléfono registrado: rgfdgdf (Stock: 33, Costo: $3123.0)
2026-02-01 09:29:00,132 - SmartCredit - INFO - App closed normally.
2026-02-01 09:29:02,166 - SmartCredit - INFO - Logger initialized successfully.
2026-02-01 09:29:02,166 - SmartCredit - INFO - Inicando SmartCredit App...
2026-02-01 09:29:05,356 - SmartCredit - INFO - App closed normally.
2026-02-01 09:30:14,944 - SmartCredit - INFO - Logger initialized successfully.
2026-02-01 09:30:14,945 - SmartCredit - INFO - Inicando SmartCredit App...
2026-02-01 09:30:26,476 - SmartCredit - INFO - App closed normally.
2026-02-01 09:30:29,466 - SmartCredit - INFO - Logger initialized successfully.
2026-02-01 09:30:29,466 - SmartCredit - INFO - Inicando SmartCredit App...
2026-02-01 09:30:32,975 - SmartCredit - INFO - App closed normally.
2026-02-01 09:32:36,938 - SmartCredit - INFO - Logger initialized successfully.
2026-02-01 09:32:36,939 - SmartCredit - INFO - Inicando SmartCredit App...
2026-02-01 09:32:40,830 - SmartCredit - INFO - App closed normally.
2026-02-01 09:32:52,422 - SmartCredit - INFO - Logger initialized successfully.
2026-02-01 09:32:52,423 - SmartCredit - INFO - Inicando SmartCredit App...
2026-02-01 09:32:59,791 - SmartCredit - INFO - App closed normally.
